<?xml version="1.0" encoding="UTF-8"?>
<coverage generated="1697593004186" clover="3.2.0">
  <project timestamp="1697593004186" name="All files">
    <metrics statements="18" coveredstatements="18" conditionals="2" coveredconditionals="1" methods="9" coveredmethods="9" elements="29" coveredelements="28" complexity="0" loc="18" ncloc="18" packages="2" files="5" classes="5"/>
    <package name="components">
      <metrics statements="11" coveredstatements="11" conditionals="2" coveredconditionals="1" methods="7" coveredmethods="7"/>
      <file name="Header.tsx" path="C:\Users\maric\Desktop\laboratoria\cinemagic\src\components\Header.tsx">
        <metrics statements="2" coveredstatements="2" conditionals="0" coveredconditionals="0" methods="1" coveredmethods="1"/>
        <line num="1" count="1" type="stmt"/>
        <line num="2" count="1" type="stmt"/>
      </file>
      <file name="Pagination.tsx" path="C:\Users\maric\Desktop\laboratoria\cinemagic\src\components\Pagination.tsx">
        <metrics statements="4" coveredstatements="4" conditionals="2" coveredconditionals="1" methods="3" coveredmethods="3"/>
        <line num="12" count="1" type="stmt"/>
        <line num="13" count="3" type="stmt"/>
        <line num="16" count="1" type="cond" truecount="1" falsecount="1"/>
        <line num="23" count="1" type="stmt"/>
      </file>
      <file name="SeccionPrincipal.tsx" path="C:\Users\maric\Desktop\laboratoria\cinemagic\src\components\SeccionPrincipal.tsx">
        <metrics statements="3" coveredstatements="3" conditionals="0" coveredconditionals="0" methods="2" coveredmethods="2"/>
        <line num="7" count="1" type="stmt"/>
        <line num="8" count="1" type="stmt"/>
        <line num="11" count="2" type="stmt"/>
      </file>
      <file name="Sidebar.tsx" path="C:\Users\maric\Desktop\laboratoria\cinemagic\src\components\Sidebar.tsx">
        <metrics statements="2" coveredstatements="2" conditionals="0" coveredconditionals="0" methods="1" coveredmethods="1"/>
        <line num="1" count="1" type="stmt"/>
        <line num="2" count="1" type="stmt"/>
      </file>
    </package>
    <package name="test">
      <metrics statements="7" coveredstatements="7" conditionals="0" coveredconditionals="0" methods="2" coveredmethods="2"/>
      <file name="utils.tsx" path="C:\Users\maric\Desktop\laboratoria\cinemagic\src\test\utils.tsx">
        <metrics statements="7" coveredstatements="7" conditionals="0" coveredconditionals="0" methods="2" coveredmethods="2"/>
        <line num="2" count="2" type="stmt"/>
        <line num="5" count="2" type="stmt"/>
        <line num="6" count="2" type="stmt"/>
        <line num="8" count="2" type="stmt"/>
        <line num="11" count="2" type="stmt"/>
        <line num="14" count="2" type="stmt"/>
        <line num="15" count="2" type="stmt"/>
      </file>
    </package>
  </project>
</coverage>
