{"C:\\Users\\maric\\Desktop\\laboratoria\\cinemagic\\src\\components\\Header.tsx": {"path":"C:\\Users\\maric\\Desktop\\laboratoria\\cinemagic\\src\\components\\Header.tsx","statementMap":{"0":{"start":{"line":2,"column":2},"end":{"line":9,"column":4}},"1":{"start":{"line":1,"column":0},"end":{"line":1,"column":24}}},"fnMap":{"0":{"name":"Header","decl":{"start":{"line":1,"column":24},"end":{"line":1,"column":30}},"loc":{"start":{"line":1,"column":30},"end":{"line":10,"column":1}}}},"branchMap":{},"s":{"0":1,"1":1},"f":{"0":1},"b":{}}
,"C:\\Users\\maric\\Desktop\\laboratoria\\cinemagic\\src\\components\\Pagination.tsx": {"path":"C:\\Users\\maric\\Desktop\\laboratoria\\cinemagic\\src\\components\\Pagination.tsx","statementMap":{"0":{"start":{"line":13,"column":2},"end":{"line":29,"column":4}},"1":{"start":{"line":16,"column":8},"end":{"line":16,"column":null}},"2":{"start":{"line":23,"column":8},"end":{"line":23,"column":null}},"3":{"start":{"line":12,"column":2},"end":{"line":12,"column":26}}},"fnMap":{"0":{"name":"Pagination","decl":{"start":{"line":12,"column":26},"end":{"line":12,"column":36}},"loc":{"start":{"line":12,"column":71},"end":{"line":30,"column":1}}},"1":{"name":"(anonymous_1)","decl":{"start":{"line":15,"column":60},"end":{"line":15,"column":62}},"loc":{"start":{"line":15,"column":64},"end":{"line":17,"column":7}}},"2":{"name":"(anonymous_2)","decl":{"start":{"line":22,"column":61},"end":{"line":22,"column":63}},"loc":{"start":{"line":22,"column":65},"end":{"line":24,"column":7}}}},"branchMap":{"0":{"loc":{"start":{"line":16,"column":16},"end":{"line":16,"column":37}},"type":"cond-expr","locations":[{"start":{"line":16,"column":27},"end":{"line":16,"column":35}},{"start":{"line":16,"column":36},"end":{"line":16,"column":37}}]}},"s":{"0":3,"1":1,"2":1,"3":1},"f":{"0":3,"1":1,"2":1},"b":{"0":[1,0]}}
,"C:\\Users\\maric\\Desktop\\laboratoria\\cinemagic\\src\\components\\SeccionPrincipal.tsx": {"path":"C:\\Users\\maric\\Desktop\\laboratoria\\cinemagic\\src\\components\\SeccionPrincipal.tsx","statementMap":{"0":{"start":{"line":8,"column":2},"end":{"line":26,"column":4}},"1":{"start":{"line":11,"column":8},"end":{"line":11,"column":null}},"2":{"start":{"line":7,"column":0},"end":{"line":7,"column":24}}},"fnMap":{"0":{"name":"SeccionPrincipal","decl":{"start":{"line":7,"column":24},"end":{"line":7,"column":40}},"loc":{"start":{"line":7,"column":74},"end":{"line":27,"column":1}}},"1":{"name":"(anonymous_1)","decl":{"start":{"line":10,"column":19},"end":{"line":10,"column":20}},"loc":{"start":{"line":11,"column":8},"end":{"line":11,"column":null}}}},"branchMap":{},"s":{"0":1,"1":2,"2":1},"f":{"0":1,"1":2},"b":{}}
,"C:\\Users\\maric\\Desktop\\laboratoria\\cinemagic\\src\\components\\Sidebar.tsx": {"path":"C:\\Users\\maric\\Desktop\\laboratoria\\cinemagic\\src\\components\\Sidebar.tsx","statementMap":{"0":{"start":{"line":2,"column":2},"end":{"line":45,"column":4}},"1":{"start":{"line":1,"column":0},"end":{"line":1,"column":24}}},"fnMap":{"0":{"name":"Sidebar","decl":{"start":{"line":1,"column":24},"end":{"line":1,"column":31}},"loc":{"start":{"line":1,"column":31},"end":{"line":46,"column":1}}}},"branchMap":{},"s":{"0":1,"1":1},"f":{"0":1},"b":{}}
,"C:\\Users\\maric\\Desktop\\laboratoria\\cinemagic\\src\\test\\utils.tsx": {"path":"C:\\Users\\maric\\Desktop\\laboratoria\\cinemagic\\src\\test\\utils.tsx","statementMap":{"0":{"start":{"line":2,"column":0},"end":{"line":2,"column":60}},"1":{"start":{"line":5,"column":24},"end":{"line":7,"column":1}},"2":{"start":{"line":6,"column":2},"end":{"line":6,"column":null}},"3":{"start":{"line":8,"column":21},"end":{"line":11,"column":55}},"4":{"start":{"line":11,"column":5},"end":{"line":11,"column":55}},"5":{"start":{"line":15,"column":24},"end":{"line":15,"column":30}},"6":{"start":{"line":14,"column":0},"end":{"line":14,"column":38}}},"fnMap":{"0":{"name":"(anonymous_4)","decl":{"start":{"line":5,"column":24},"end":{"line":5,"column":25}},"loc":{"start":{"line":5,"column":68},"end":{"line":7,"column":1}}},"1":{"name":"(anonymous_5)","decl":{"start":{"line":8,"column":21},"end":{"line":8,"column":null}},"loc":{"start":{"line":11,"column":5},"end":{"line":11,"column":55}}}},"branchMap":{},"s":{"0":2,"1":2,"2":2,"3":2,"4":2,"5":2,"6":2},"f":{"0":2,"1":2},"b":{}}
}
