TN:
SF:src\components\Header.tsx
FN:1,Header
FNF:1
FNH:1
FNDA:1,Header
DA:1,1
DA:2,1
LF:2
LH:2
BRF:0
BRH:0
end_of_record
TN:
SF:src\components\Pagination.tsx
FN:12,Pagination
FN:15,(anonymous_1)
FN:22,(anonymous_2)
FNF:3
FNH:3
FNDA:3,Pagination
FNDA:1,(anonymous_1)
FNDA:1,(anonymous_2)
DA:12,1
DA:13,3
DA:16,1
DA:23,1
LF:4
LH:4
BRDA:16,0,0,1
BRDA:16,0,1,0
BRF:2
BRH:1
end_of_record
TN:
SF:src\components\SeccionPrincipal.tsx
FN:7,SeccionPrincipal
FN:10,(anonymous_1)
FNF:2
FNH:2
FNDA:1,SeccionPrincipal
FNDA:2,(anonymous_1)
DA:7,1
DA:8,1
DA:11,2
LF:3
LH:3
BRF:0
BRH:0
end_of_record
TN:
SF:src\components\Sidebar.tsx
FN:1,Sidebar
FNF:1
FNH:1
FNDA:1,Sidebar
DA:1,1
DA:2,1
LF:2
LH:2
BRF:0
BRH:0
end_of_record
TN:
SF:src\test\utils.tsx
FN:5,(anonymous_4)
FN:8,(anonymous_5)
FNF:2
FNH:2
FNDA:2,(anonymous_4)
FNDA:2,(anonymous_5)
DA:2,2
DA:5,2
DA:6,2
DA:8,2
DA:11,2
DA:14,2
DA:15,2
LF:7
LH:7
BRF:0
BRH:0
end_of_record
